c:\users\361rj\documents\github\egp-410\gameai\component steering sdl\debug\vc141.pdb
c:\users\361rj\documents\github\egp-410\gameai\component steering sdl\debug\vc141.idb
c:\users\361rj\documents\github\egp-410\gameai\component steering sdl\debug\componentmanager.obj
c:\users\361rj\documents\github\egp-410\gameai\component steering sdl\debug\font.obj
c:\users\361rj\documents\github\egp-410\gameai\component steering sdl\debug\game.obj
c:\users\361rj\documents\github\egp-410\gameai\component steering sdl\debug\gamemessage.obj
c:\users\361rj\documents\github\egp-410\gameai\component steering sdl\debug\gamemessagemanager.obj
c:\users\361rj\documents\github\egp-410\gameai\component steering sdl\debug\graphicsbuffer.obj
c:\users\361rj\documents\github\egp-410\gameai\component steering sdl\debug\graphicsbuffermanager.obj
c:\users\361rj\documents\github\egp-410\gameai\component steering sdl\debug\graphicssystem.obj
c:\users\361rj\documents\github\egp-410\gameai\component steering sdl\debug\main.obj
c:\users\361rj\documents\github\egp-410\gameai\component steering sdl\debug\physicscomponent.obj
c:\users\361rj\documents\github\egp-410\gameai\component steering sdl\debug\playermovetomessage.obj
c:\users\361rj\documents\github\egp-410\gameai\component steering sdl\debug\positioncomponent.obj
c:\users\361rj\documents\github\egp-410\gameai\component steering sdl\debug\renderer.obj
c:\users\361rj\documents\github\egp-410\gameai\component steering sdl\debug\seeksteering.obj
c:\users\361rj\documents\github\egp-410\gameai\component steering sdl\debug\sprite.obj
c:\users\361rj\documents\github\egp-410\gameai\component steering sdl\debug\spritemanager.obj
c:\users\361rj\documents\github\egp-410\gameai\component steering sdl\debug\steering.obj
c:\users\361rj\documents\github\egp-410\gameai\component steering sdl\debug\steeringcomponent.obj
c:\users\361rj\documents\github\egp-410\gameai\component steering sdl\debug\unit.obj
c:\users\361rj\documents\github\egp-410\gameai\component steering sdl\debug\unitmanager.obj
c:\users\361rj\documents\github\egp-410\gameai\component steering sdl\debug\color.obj
c:\users\361rj\documents\github\egp-410\gameai\component steering sdl\debug\component.obj
c:\users\361rj\documents\github\egp-410\gameai\component steering sdl\debug\inputsystem.obj
c:\users\361rj\documents\github\egp-410\gameai\component steering sdl\debug\addrandomunitmessage.obj
c:\users\361rj\documents\github\egp-410\gameai\component steering sdl\debug\deleterandomunitmessage.obj
c:\users\361rj\documents\github\egp-410\gameai\component steering sdl\debug\closemessage.obj
c:\users\361rj\documents\github\egp-410\gameai\component steering sdl\debug\arrivesteering.obj
c:\users\361rj\documents\github\egp-410\gameai\component steering sdl\debug\facesteering.obj
c:\users\361rj\documents\github\egp-410\gameai\component steering sdl\debug\arriveandfacesteering.obj
c:\users\361rj\documents\github\egp-410\gameai\component steering sdl\debug\wandersteering.obj
c:\users\361rj\documents\github\egp-410\gameai\component steering sdl\debug\wanderandchasesteering.obj
c:\users\361rj\documents\github\egp-410\gameai\component steering sdl\debug\steering.exe
c:\users\361rj\documents\github\egp-410\gameai\component steering sdl\debug\steering.ilk
c:\users\361rj\documents\github\egp-410\gameai\component steering sdl\debug\steering.pdb
c:\users\361rj\documents\github\egp-410\gameai\component steering sdl\debug\arrive.obj
c:\users\361rj\documents\github\egp-410\gameai\component steering sdl\debug\arriveandfacesteering.obj.enc
c:\users\361rj\documents\github\egp-410\gameai\component steering sdl\debug\arrivesteering.obj.enc
c:\users\361rj\documents\github\egp-410\gameai\component steering sdl\debug\facesteering.obj.enc
c:\users\361rj\documents\github\egp-410\gameai\component steering sdl\debug\game.obj.enc
c:\users\361rj\documents\github\egp-410\gameai\component steering sdl\debug\seeksteering.obj.enc
c:\users\361rj\documents\github\egp-410\gameai\component steering sdl\debug\steering.tlog\cl.command.1.tlog
c:\users\361rj\documents\github\egp-410\gameai\component steering sdl\debug\steering.tlog\cl.read.1.tlog
c:\users\361rj\documents\github\egp-410\gameai\component steering sdl\debug\steering.tlog\cl.write.1.tlog
c:\users\361rj\documents\github\egp-410\gameai\component steering sdl\debug\steering.tlog\link.command.1.tlog
c:\users\361rj\documents\github\egp-410\gameai\component steering sdl\debug\steering.tlog\link.read.1.tlog
c:\users\361rj\documents\github\egp-410\gameai\component steering sdl\debug\steering.tlog\link.write.1.tlog
